<?xml version="1.0" encoding="UTF-8"?>
<!-- Generated by org.testng.reporters.JUnitReportReporter -->
<testsuite skipped="0" hostname="LAP-1600" name="com.Selenium.DriverTest" tests="2" failures="0" timestamp="18 Aug 2019 05:44:06 GMT" time="18.964" errors="0">
  <testcase name="GlobalSearch" time="9.031" classname="com.Selenium.DriverTest"/>
  <testcase name="GlobalSearch" time="9.933" classname="com.Selenium.DriverTest"/>
</testsuite> <!-- com.Selenium.DriverTest -->
