<?xml version="1.0" encoding="UTF-8"?>
<!-- Generated by org.testng.reporters.JUnitReportReporter -->
<testsuite skipped="0" hostname="LAP-1600" name="com.Selenium.DriverTest" tests="2" failures="0" timestamp="18 Aug 2019 07:00:08 GMT" time="20.243" errors="0">
  <testcase name="GlobalSearch" time="9.864" classname="com.Selenium.DriverTest"/>
  <testcase name="GlobalSearch" time="10.379" classname="com.Selenium.DriverTest"/>
</testsuite> <!-- com.Selenium.DriverTest -->
